<?xml version='1.0' encoding='UTF-8'?>
<testsuite hostname="nixos" name="tests.ArraySpec" tests="1" errors="0" failures="0" skipped="0" time="0.019" timestamp="2021-03-20T15:52:17">
                     <properties>
      <property name="jline.esc.timeout" value="0"/><property name="java.runtime.name" value="OpenJDK Runtime Environment"/><property name="sun.boot.library.path" value="/nix/store/3gr6id5i7bi0qhx29vilv1xcwkzjakcl-openjdk-8u272-b10/lib/openjdk/jre/lib/amd64"/><property name="java.vm.version" value="25.272-b10"/><property name="java.vm.vendor" value="Oracle Corporation"/><property name="java.vendor.url" value="http://java.oracle.com/"/><property name="path.separator" value=":"/><property name="jna.loaded" value="true"/><property name="java.vm.name" value="OpenJDK 64-Bit Server VM"/><property name="file.encoding.pkg" value="sun.io"/><property name="user.country" value="US"/><property name="sun.java.launcher" value="SUN_STANDARD"/><property name="sun.os.patch.level" value="unknown"/><property name="jna.nosys" value="true"/><property name="java.vm.specification.name" value="Java Virtual Machine Specification"/><property name="user.dir" value="/data/vap/euismod"/><property name="java.runtime.version" value="1.8.0_272-b10"/><property name="java.awt.graphicsenv" value="sun.awt.X11GraphicsEnvironment"/><property name="java.endorsed.dirs" value="/nix/store/3gr6id5i7bi0qhx29vilv1xcwkzjakcl-openjdk-8u272-b10/lib/openjdk/jre/lib/endorsed"/><property name="os.arch" value="amd64"/><property name="java.io.tmpdir" value="/tmp"/><property name="line.separator" value="
"/><property name="java.vm.specification.vendor" value="Oracle Corporation"/><property name="log4j.ignoreTCL" value="true"/><property name="os.name" value="Linux"/><property name="sun.jnu.encoding" value="UTF-8"/><property name="jnidispatch.path" value="/home/chris/.cache/JNA/temp/jna1142277463339454980.tmp"/><property name="java.library.path" value="/usr/java/packages/lib/amd64:/usr/lib64:/lib64:/lib:/usr/lib"/><property name="java.specification.name" value="Java Platform API Specification"/><property name="java.class.version" value="52.0"/><property name="sun.management.compiler" value="HotSpot 64-Bit Tiered Compilers"/><property name="os.version" value="5.4.92"/><property name="swoval.tmpdir" value="/home/chris/.sbt/1.0"/><property name="user.home" value="/home/chris"/><property name="user.timezone" value="Asia/Tokyo"/><property name="java.awt.printerjob" value="sun.print.PSPrinterJob"/><property name="file.encoding" value="UTF-8"/><property name="java.specification.version" value="1.8"/><property name="java.class.path" value="/nix/store/fgqqpijpnqvx7dczz2sbrrlzig9jx9yk-sbt-1.3.13/share/sbt/bin/sbt-launch.jar"/><property name="user.name" value="chris"/><property name="jline.shutdownhook" value="false"/><property name="java.vm.specification.version" value="1.8"/><property name="sun.java.command" value="/nix/store/fgqqpijpnqvx7dczz2sbrrlzig9jx9yk-sbt-1.3.13/share/sbt/bin/sbt-launch.jar"/><property name="java.home" value="/nix/store/3gr6id5i7bi0qhx29vilv1xcwkzjakcl-openjdk-8u272-b10/lib/openjdk/jre"/><property name="sun.arch.data.model" value="64"/><property name="user.language" value="en"/><property name="java.specification.vendor" value="Oracle Corporation"/><property name="awt.toolkit" value="sun.awt.X11.XToolkit"/><property name="java.vm.info" value="mixed mode"/><property name="java.version" value="1.8.0_272"/><property name="java.ext.dirs" value="/nix/store/3gr6id5i7bi0qhx29vilv1xcwkzjakcl-openjdk-8u272-b10/lib/openjdk/jre/lib/ext:/usr/java/packages/lib/ext"/><property name="sun.boot.class.path" value="/nix/store/3gr6id5i7bi0qhx29vilv1xcwkzjakcl-openjdk-8u272-b10/lib/openjdk/jre/lib/resources.jar:/nix/store/3gr6id5i7bi0qhx29vilv1xcwkzjakcl-openjdk-8u272-b10/lib/openjdk/jre/lib/rt.jar:/nix/store/3gr6id5i7bi0qhx29vilv1xcwkzjakcl-openjdk-8u272-b10/lib/openjdk/jre/lib/sunrsasign.jar:/nix/store/3gr6id5i7bi0qhx29vilv1xcwkzjakcl-openjdk-8u272-b10/lib/openjdk/jre/lib/jsse.jar:/nix/store/3gr6id5i7bi0qhx29vilv1xcwkzjakcl-openjdk-8u272-b10/lib/openjdk/jre/lib/jce.jar:/nix/store/3gr6id5i7bi0qhx29vilv1xcwkzjakcl-openjdk-8u272-b10/lib/openjdk/jre/lib/charsets.jar:/nix/store/3gr6id5i7bi0qhx29vilv1xcwkzjakcl-openjdk-8u272-b10/lib/openjdk/jre/lib/jfr.jar:/nix/store/3gr6id5i7bi0qhx29vilv1xcwkzjakcl-openjdk-8u272-b10/lib/openjdk/jre/classes"/><property name="java.vendor" value="Oracle Corporation"/><property name="file.separator" value="/"/><property name="java.vendor.url.bug" value="http://bugreport.sun.com/bugreport/"/><property name="sun.io.unicode.encoding" value="UnicodeLittle"/><property name="sun.cpu.endian" value="little"/><property name="sun.cpu.isalist" value=""/>
    </properties>
                     <testcase classname="tests.ArraySpec" name="Feature: The README examples Scenario: Snippet 1" time="0.019">
                                                 
                                               </testcase>
                     <system-out><![CDATA[]]></system-out>
                     <system-err><![CDATA[]]></system-err>
                   </testsuite>